Running: C:\Xilinx\14.7\ISE_DS\ISE\bin\nt64\unwrapped\fuse.exe -intstyle ise -incremental -lib secureip -o C:/Users/sfran/Documents/Repo/UCiSW-LAB-2/UCISW-LAB/zad2/zad2_zad2_sch_tb_isim_beh.exe -prj C:/Users/sfran/Documents/Repo/UCiSW-LAB-2/UCISW-LAB/zad2/zad2_zad2_sch_tb_beh.prj work.zad2_zad2_sch_tb 
ISim P.20131013 (signature 0x7708f090)
Number of CPUs detected in this system: 8
Turning on mult-threading, number of parallel sub-compilation jobs: 16 
Determining compilation order of HDL files
Parsing VHDL file "C:/Users/sfran/Documents/Repo/UCiSW-LAB-2/UCISW-LAB/zad2/zad2.vhf" into library work
Parsing VHDL file "C:/Users/sfran/Documents/Repo/UCiSW-LAB-2/UCISW-LAB/zad2/zad2_testbench.vhd" into library work
Starting static elaboration
Completed static elaboration
Compiling package standard
Compiling package std_logic_1164
Compiling package numeric_std
Compiling package vcomponents
Compiling architecture behavioral of entity FJKC_HXILINX_zad2 [\FJKC_HXILINX_zad2('0')\]
Compiling architecture and3_v of entity AND3 [and3_default]
Compiling architecture or2_v of entity OR2 [or2_default]
Compiling architecture inv_v of entity INV [inv_default]
Compiling architecture xnor2_v of entity XNOR2 [xnor2_default]
Compiling architecture and2_v of entity AND2 [and2_default]
Compiling architecture behavioral of entity zad2 [zad2_default]
Compiling architecture behavioral of entity zad2_zad2_sch_tb
Time Resolution for simulation is 1ps.
Waiting for 1 sub-compilation(s) to finish...
WARNING:Simulator - Unable to copy libPortabilityNOSH.dll to the simulation executable directory: boost::filesystem::copy_file: System nie mo¿e odnale æ okre lonej  cie¿ki, "isim\zad2_zad2_sch_tb_isim_beh.exe.sim\libPortability.dll".
Compiled 19 VHDL Units
Built simulation executable C:/Users/sfran/Documents/Repo/UCiSW-LAB-2/UCISW-LAB/zad2/zad2_zad2_sch_tb_isim_beh.exe
Fuse Memory Usage: 50304 KB
Fuse CPU Usage: 1140 ms
