Release 14.7 - xst P.20131013 (nt64)
Copyright (c) 1995-2013 Xilinx, Inc.  All rights reserved.
--> Parameter TMPDIR set to xst/projnav.tmp


Total REAL time to Xst completion: 0.00 secs
Total CPU time to Xst completion: 0.18 secs
 
--> Parameter xsthdpdir set to xst


Total REAL time to Xst completion: 0.00 secs
Total CPU time to Xst completion: 0.18 secs
 
--> Reading design: zad1schemat.prj

TABLE OF CONTENTS
  1) Synthesis Options Summary
  2) HDL Parsing
  3) HDL Elaboration
  4) HDL Synthesis
       4.1) HDL Synthesis Report
  5) Advanced HDL Synthesis
       5.1) Advanced HDL Synthesis Report
  6) Low Level Synthesis
  7) Partition Report
  8) Design Summary
       8.1) Primitive and Black Box Usage
       8.2) Device utilization summary
       8.3) Partition Resource Summary
       8.4) Timing Report
            8.4.1) Clock Information
            8.4.2) Asynchronous Control Signals Information
            8.4.3) Timing Summary
            8.4.4) Timing Details
            8.4.5) Cross Clock Domains Report


=========================================================================
*                      Synthesis Options Summary                        *
=========================================================================
---- Source Parameters
Input File Name                    : "zad1schemat.prj"
Ignore Synthesis Constraint File   : NO

---- Target Parameters
Output File Name                   : "zad1schemat"
Output Format                      : NGC
Target Device                      : xc7a100t-3-csg324

---- Source Options
Top Module Name                    : zad1schemat
Automatic FSM Extraction           : YES
FSM Encoding Algorithm             : Auto
Safe Implementation                : No
FSM Style                          : LUT
RAM Extraction                     : Yes
RAM Style                          : Auto
ROM Extraction                     : Yes
Shift Register Extraction          : YES
ROM Style                          : Auto
Resource Sharing                   : YES
Asynchronous To Synchronous        : NO
Shift Register Minimum Size        : 2
Use DSP Block                      : Auto
Automatic Register Balancing       : No

---- Target Options
LUT Combining                      : Auto
Reduce Control Sets                : Auto
Add IO Buffers                     : YES
Global Maximum Fanout              : 100000
Add Generic Clock Buffer(BUFG)     : 32
Register Duplication               : YES
Optimize Instantiated Primitives   : NO
Use Clock Enable                   : Auto
Use Synchronous Set                : Auto
Use Synchronous Reset              : Auto
Pack IO Registers into IOBs        : Auto
Equivalent register Removal        : YES

---- General Options
Optimization Goal                  : Speed
Optimization Effort                : 1
Power Reduction                    : NO
Keep Hierarchy                     : No
Netlist Hierarchy                  : As_Optimized
RTL Output                         : Yes
Global Optimization                : AllClockNets
Read Cores                         : YES
Write Timing Constraints           : NO
Cross Clock Analysis               : NO
Hierarchy Separator                : /
Bus Delimiter                      : <>
Case Specifier                     : Maintain
Slice Utilization Ratio            : 100
BRAM Utilization Ratio             : 100
DSP48 Utilization Ratio            : 100
Auto BRAM Packing                  : NO
Slice Utilization Ratio Delta      : 5

=========================================================================


=========================================================================
*                          HDL Parsing                                  *
=========================================================================
Parsing VHDL file "E:\SZKOLA\aaaSEMESTR - 5\UCISW\Lab 2\zad1\zad1\zad1schemat.vhf" into library work
Parsing entity <FJKC_HXILINX_zad1schemat>.
Parsing architecture <Behavioral> of entity <fjkc_hxilinx_zad1schemat>.
Parsing entity <zad1schemat>.
Parsing architecture <BEHAVIORAL> of entity <zad1schemat>.

=========================================================================
*                            HDL Elaboration                            *
=========================================================================

Elaborating entity <zad1schemat> (architecture <BEHAVIORAL>) from library <work>.

Elaborating entity <FJKC_HXILINX_zad1schemat> (architecture <Behavioral>) with generics from library <work>.

=========================================================================
*                           HDL Synthesis                               *
=========================================================================

Synthesizing Unit <zad1schemat>.
    Related source file is "E:\SZKOLA\aaaSEMESTR - 5\UCISW\Lab 2\zad1\zad1\zad1schemat.vhf".
    Set property "HU_SET = JK0_0" for instance <JK0>.
    Set property "HU_SET = JK1_1" for instance <JK1>.
    Set property "HU_SET = JK2_2" for instance <JK2>.
    Summary:
	no macro.
Unit <zad1schemat> synthesized.

Synthesizing Unit <FJKC_HXILINX_zad1schemat>.
    Related source file is "E:\SZKOLA\aaaSEMESTR - 5\UCISW\Lab 2\zad1\zad1\zad1schemat.vhf".
        INIT = '0'
    Found 1-bit register for signal <q_tmp>.
    Summary:
	inferred   1 D-type flip-flop(s).
	inferred   2 Multiplexer(s).
Unit <FJKC_HXILINX_zad1schemat> synthesized.

=========================================================================
HDL Synthesis Report

Macro Statistics
# Registers                                            : 3
 1-bit register                                        : 3
# Multiplexers                                         : 6
 1-bit 2-to-1 multiplexer                              : 6

=========================================================================

=========================================================================
*                       Advanced HDL Synthesis                          *
=========================================================================


=========================================================================
Advanced HDL Synthesis Report

Macro Statistics
# Registers                                            : 3
 Flip-Flops                                            : 3
# Multiplexers                                         : 6
 1-bit 2-to-1 multiplexer                              : 6

=========================================================================

=========================================================================
*                         Low Level Synthesis                           *
=========================================================================

Optimizing unit <zad1schemat> ...

Optimizing unit <FJKC_HXILINX_zad1schemat> ...

Mapping all equations...
Building and optimizing final netlist ...
Found area constraint ratio of 100 (+ 5) on block zad1schemat, actual ratio is 0.

Final Macro Processing ...

=========================================================================
Final Register Report

Macro Statistics
# Registers                                            : 3
 Flip-Flops                                            : 3

=========================================================================

=========================================================================
*                           Partition Report                            *
=========================================================================

Partition Implementation Status
-------------------------------

  No Partitions were found in this design.

-------------------------------

=========================================================================
*                            Design Summary                             *
=========================================================================

Top Level Output File Name         : zad1schemat.ngc

Primitive and Black Box Usage:
------------------------------
# BELS                             : 15
#      AND2                        : 4
#      INV                         : 3
#      LUT2                        : 2
#      LUT3                        : 3
#      OR2                         : 1
#      XNOR2                       : 1
#      XOR2                        : 1
# FlipFlops/Latches                : 3
#      FDC                         : 1
#      FDCE                        : 2
# Clock Buffers                    : 1
#      BUFGP                       : 1
# IO Buffers                       : 4
#      IBUF                        : 1
#      OBUF                        : 3

Device utilization summary:
---------------------------

Selected Device : 7a100tcsg324-3 


Slice Logic Utilization: 
 Number of Slice Registers:               3  out of  126800     0%  
 Number of Slice LUTs:                    8  out of  63400     0%  
    Number used as Logic:                 8  out of  63400     0%  

Slice Logic Distribution: 
 Number of LUT Flip Flop pairs used:     11
   Number with an unused Flip Flop:       8  out of     11    72%  
   Number with an unused LUT:             3  out of     11    27%  
   Number of fully used LUT-FF pairs:     0  out of     11     0%  
   Number of unique control sets:         3

IO Utilization: 
 Number of IOs:                           5
 Number of bonded IOBs:                   5  out of    210     2%  

Specific Feature Utilization:
 Number of BUFG/BUFGCTRLs:                1  out of     32     3%  

---------------------------
Partition Resource Summary:
---------------------------

  No Partitions were found in this design.

---------------------------


=========================================================================
Timing Report

NOTE: THESE TIMING NUMBERS ARE ONLY A SYNTHESIS ESTIMATE.
      FOR ACCURATE TIMING INFORMATION PLEASE REFER TO THE TRACE REPORT
      GENERATED AFTER PLACE-and-ROUTE.

Clock Information:
------------------
-----------------------------------+------------------------+-------+
Clock Signal                       | Clock buffer(FF name)  | Load  |
-----------------------------------+------------------------+-------+
zegar                              | BUFGP                  | 3     |
-----------------------------------+------------------------+-------+

Asynchronous Control Signals Information:
----------------------------------------
No asynchronous control signals found in this design

Timing Summary:
---------------
Speed Grade: -3

   Minimum period: 3.160ns (Maximum Frequency: 316.436MHz)
   Minimum input arrival time before clock: 0.639ns
   Maximum output required time after clock: 0.668ns
   Maximum combinational path delay: No path found

Timing Details:
---------------
All values displayed in nanoseconds (ns)

=========================================================================
Timing constraint: Default period analysis for Clock 'zegar'
  Clock period: 3.160ns (frequency: 316.436MHz)
  Total number of paths / destination ports: 24 / 5
-------------------------------------------------------------------------
Delay:               3.160ns (Levels of Logic = 5)
  Source:            JK1/q_tmp (FF)
  Destination:       JK1/q_tmp (FF)
  Source Clock:      zegar rising
  Destination Clock: zegar rising

  Data Path: JK1/q_tmp to JK1/q_tmp
                                Gate     Net
    Cell:in->out      fanout   Delay   Delay  Logical Name (Net Name)
    ----------------------------------------  ------------
     FDC:C->Q              7   0.361   0.307  q_tmp (q_tmp)
     end scope: 'JK1:Q'
     INV:I->O              1   0.511   0.683  XLXI_14 (XLXN_36)
     AND2:I1->O            1   0.107   0.683  XLXI_26 (XLXN_28)
     OR2:I1->O             1   0.107   0.295  XLXI_27 (XLXN_29)
     begin scope: 'JK1:J'
     LUT3:I2->O            1   0.097   0.000  q_tmp_rstpot (q_tmp_rstpot)
     FDC:D                     0.008          q_tmp
    ----------------------------------------
    Total                      3.160ns (1.191ns logic, 1.969ns route)
                                       (37.7% logic, 62.3% route)

=========================================================================
Timing constraint: Default OFFSET IN BEFORE for Clock 'zegar'
  Total number of paths / destination ports: 3 / 3
-------------------------------------------------------------------------
Offset:              0.639ns (Levels of Logic = 2)
  Source:            reset (PAD)
  Destination:       JK2/q_tmp (FF)
  Destination Clock: zegar rising

  Data Path: reset to JK2/q_tmp
                                Gate     Net
    Cell:in->out      fanout   Delay   Delay  Logical Name (Net Name)
    ----------------------------------------  ------------
     IBUF:I->O             3   0.001   0.289  reset_IBUF (reset_IBUF)
     begin scope: 'JK2:CLR'
     FDCE:CLR                  0.349          q_tmp
    ----------------------------------------
    Total                      0.639ns (0.350ns logic, 0.289ns route)
                                       (54.8% logic, 45.2% route)

=========================================================================
Timing constraint: Default OFFSET OUT AFTER for Clock 'zegar'
  Total number of paths / destination ports: 3 / 3
-------------------------------------------------------------------------
Offset:              0.668ns (Levels of Logic = 2)
  Source:            JK1/q_tmp (FF)
  Destination:       Q1 (PAD)
  Source Clock:      zegar rising

  Data Path: JK1/q_tmp to Q1
                                Gate     Net
    Cell:in->out      fanout   Delay   Delay  Logical Name (Net Name)
    ----------------------------------------  ------------
     FDC:C->Q              7   0.361   0.307  q_tmp (q_tmp)
     end scope: 'JK1:Q'
     OBUF:I->O                 0.000          Q1_OBUF (Q1)
    ----------------------------------------
    Total                      0.668ns (0.361ns logic, 0.307ns route)
                                       (54.0% logic, 46.0% route)

=========================================================================

Cross Clock Domains Report:
--------------------------

Clock to Setup on destination clock zegar
---------------+---------+---------+---------+---------+
               | Src:Rise| Src:Fall| Src:Rise| Src:Fall|
Source Clock   |Dest:Rise|Dest:Rise|Dest:Fall|Dest:Fall|
---------------+---------+---------+---------+---------+
zegar          |    3.160|         |         |         |
---------------+---------+---------+---------+---------+

=========================================================================


Total REAL time to Xst completion: 11.00 secs
Total CPU time to Xst completion: 10.52 secs
 
--> 

Total memory usage is 460840 kilobytes

Number of errors   :    0 (   0 filtered)
Number of warnings :    0 (   0 filtered)
Number of infos    :    0 (   0 filtered)

